<?xml version="1.0" encoding="UTF-8"?>
<!-- Generated by org.testng.reporters.JUnitXMLReporter -->
<testsuite ignored="0" hostname="VAMSI" failures="0" tests="2" name="Testedge" time="1.046" errors="0" timestamp="2025-09-18T22:38:01 IST">
  <testcase classname="com.testCases.LoginPageTest" name="loginPage" time="0.0">
    <skipped/>
  </testcase> <!-- loginPage -->
  <testcase classname="com.testCases.LoginPageTest" name="loginPage" time="0.0">
    <skipped/>
  </testcase> <!-- loginPage -->
</testsuite> <!-- Testedge -->
